Обработка датасета 'data/Anime/'
---------------------------------------
ОШИБКА в изменении размера фото.
ОШИБКА в изменении размера фото.
ОШИБКА в изменении размера фото.
ОШИБКА в изменении размера фото.
ОШИБКА в изменении размера фото.
ОШИБКА в изменении размера фото.

Обработано 9318 файлов:
6 битых файлов.
---------------------------------------


Обработка датасета 'data/Deers/'
---------------------------------------
ОШИБКА в изменении размера фото.
ОШИБКА в изменении размера фото.

Обработано 737 файлов:
2 битых файлов.
---------------------------------------


Обработка датасета 'data/Mask/'
---------------------------------------
ОШИБКА в изменении размера фото.
ОШИБКА в изменении размера фото.
ОШИБКА в изменении размера фото.
ОШИБКА в изменении размера фото.

Обработано 853 файлов:
4 битых файлов.
---------------------------------------


